2025-11-24 01:06:10 - gap_analysis - INFO - Logging initialized. Log file: outputs/pipeline_20251124_010610.log
2025-11-24 01:06:10 - gap_analysis - INFO - ======================================================================
2025-11-24 01:06:10 - gap_analysis - INFO - CONTENT GAP ANALYSIS - COMPLETE PIPELINE
2025-11-24 01:06:10 - gap_analysis - INFO - ======================================================================
2025-11-24 01:06:10 - gap_analysis - INFO - 
2025-11-24 01:06:10 - gap_analysis - INFO - Pipeline started at 2025-11-24 01:06:10
2025-11-24 01:06:10 - gap_analysis - DEBUG - Output directories created
2025-11-24 01:06:10 - gap_analysis - INFO - 
======================================================================
2025-11-24 01:06:10 - gap_analysis - INFO - PHASE 1: DATA PREPARATION
2025-11-24 01:06:10 - gap_analysis - INFO - ======================================================================
2025-11-24 01:06:12 - gap_analysis - INFO - ✓ Loaded and prepared 12909 questions (took 1.1s)
2025-11-24 01:06:12 - gap_analysis - DEBUG - DataFrame shape: (12909, 21), columns: ['QTYPE', 'QID', 'category_id', 'QEN', 'ACEN', 'AW1EN', 'AW2EN', 'ACID', 'AWID1', 'AWID2', 'tags', 'tag_ids', 'tag_names', 'tag_categories', 'tag_codes', 'primary_category', 'QEN_length', 'ACEN_length', 'AW1EN_length', 'AW2EN_length', 'combined_text']
2025-11-24 01:06:12 - gap_analysis - INFO - 
======================================================================
2025-11-24 01:06:12 - gap_analysis - INFO - PHASE 2: QUALITY ANALYSIS
2025-11-24 01:06:12 - gap_analysis - INFO - ======================================================================
2025-11-24 01:06:12 - gap_analysis - INFO - ✓ Quality analysis complete (took 0.2s)
2025-11-24 01:06:12 - gap_analysis - DEBUG - Quality metrics: {'total_questions': 12909, 'qen_complete': np.int64(12909), 'qen_complete_pct': np.float64(100.0), 'acen_complete': np.int64(12909), 'acen_complete_pct': np.float64(100.0), 'aw1en_complete': np.int64(12909), 'aw1en_complete_pct': np.float64(100.0), 'aw2en_complete': np.int64(12909), 'aw2en_complete_pct': np.float64(100.0), 'unique_acen': 7156, 'unique_aw1en': 6804, 'unique_aw2en': 6984, 'duplicate_answers_count': np.int64(14), 'duplicate_answers_pct': np.float64(0.10845146796808428), 'avg_qen_length': np.float64(42.37043922844527), 'avg_acen_length': np.float64(10.3319389573166), 'avg_aw1en_length': np.float64(10.10116972654737), 'avg_aw2en_length': np.float64(9.939112247269348)}
2025-11-24 01:06:12 - gap_analysis - INFO - 
======================================================================
2025-11-24 01:06:12 - gap_analysis - INFO - PHASE 3: N-GRAM ANALYSIS
2025-11-24 01:06:12 - gap_analysis - INFO - ======================================================================
2025-11-24 01:06:36 - gap_analysis - INFO - ✓ N-gram analysis complete (took 23.7s)
2025-11-24 01:06:36 - gap_analysis - DEBUG - Extracted n-grams: 50 bigrams
2025-11-24 01:06:36 - gap_analysis - INFO - 
======================================================================
2025-11-24 01:06:36 - gap_analysis - INFO - PHASE 4: ENTITY RECOGNITION
2025-11-24 01:06:36 - gap_analysis - INFO - ======================================================================
2025-11-24 01:06:36 - gap_analysis - INFO - This phase processes all questions with spaCy NER (may take 5-10 minutes)...
2025-11-24 01:06:36 - gap_analysis - INFO - ✓ Entity recognition complete (took 0.0s)
2025-11-24 01:06:36 - gap_analysis - DEBUG - Entity coverage: {'entity_data': {}, 'countries': {'missing': [], 'found': [], 'coverage_pct': 0.0}, 'artists': {'missing': [], 'found': [], 'coverage_pct': 0.0}, 'movies': {'missing': [], 'found': [], 'coverage_pct': 0.0}, 'brands': {'missing': [], 'found': [], 'coverage_pct': 0.0}}
2025-11-24 01:06:36 - gap_analysis - INFO - 
======================================================================
2025-11-24 01:06:36 - gap_analysis - INFO - PHASE 5: SOCIOLOGICAL TAXONOMY
2025-11-24 01:06:36 - gap_analysis - INFO - ======================================================================
2025-11-24 01:06:39 - gap_analysis - INFO - ✓ Sociological taxonomy analysis complete (took 3.7s)
2025-11-24 01:06:39 - gap_analysis - DEBUG - Underrepresented fields: ['Domestic Sphere', 'Nostalgia', 'Somatic/Body', 'Digital Life']
2025-11-24 01:06:39 - gap_analysis - INFO - 
======================================================================
2025-11-24 01:06:39 - gap_analysis - INFO - PHASE 6: SEMANTIC CLUSTERING
2025-11-24 01:06:39 - gap_analysis - INFO - ======================================================================
2025-11-24 01:06:39 - gap_analysis - INFO - Note: This phase may take 20-40 minutes due to embedding generation for 12,909 questions...
2025-11-24 01:06:39 - gap_analysis - INFO - Progress will be shown as embeddings are generated...
2025-11-24 01:07:48 - gap_analysis - INFO - ✓ Semantic clustering complete (took 68.5s)
2025-11-24 01:07:48 - gap_analysis - DEBUG - Discovered clusters: 253
2025-11-24 01:07:48 - gap_analysis - INFO - 
======================================================================
2025-11-24 01:07:48 - gap_analysis - INFO - PHASE 7: GAP SYNTHESIS & REPORTING
2025-11-24 01:07:48 - gap_analysis - INFO - ======================================================================
2025-11-24 01:07:48 - gap_analysis - INFO - ✓ Gap synthesis complete (took 0.4s)
2025-11-24 01:07:48 - gap_analysis - INFO - 
======================================================================
2025-11-24 01:07:48 - gap_analysis - INFO - ANALYSIS COMPLETE - SUMMARY
2025-11-24 01:07:48 - gap_analysis - INFO - ======================================================================
2025-11-24 01:07:48 - gap_analysis - INFO - Missing Themes Identified: 20
2025-11-24 01:07:48 - gap_analysis - INFO - Missing Entities Identified: 0
2025-11-24 01:07:48 - gap_analysis - INFO - Underrepresented Fields: 4
2025-11-24 01:07:48 - gap_analysis - INFO - 
Total pipeline duration: 1.6 minutes (97.6 seconds)
2025-11-24 01:07:48 - gap_analysis - INFO - 
All outputs saved to 'outputs/' directory
2025-11-24 01:07:48 - gap_analysis - INFO - 
Key files:
2025-11-24 01:07:48 - gap_analysis - INFO -   - gap_analysis_report.md (comprehensive report)
2025-11-24 01:07:48 - gap_analysis - INFO -   - entity_coverage.csv (entity analysis)
2025-11-24 01:07:48 - gap_analysis - INFO -   - taxonomy_coverage.csv (field coverage)
2025-11-24 01:07:48 - gap_analysis - INFO -   - quality_report.csv (quality metrics)
2025-11-24 01:07:48 - gap_analysis - INFO -   - ngram_patterns.csv (n-gram patterns)
2025-11-24 01:07:48 - gap_analysis - INFO -   - clusters_visualization.png (cluster map)
2025-11-24 01:07:48 - gap_analysis - INFO -   - entity_coverage_chart.png (entity visualization)
2025-11-24 01:07:48 - gap_analysis - INFO -   - taxonomy_coverage_chart.png (taxonomy visualization)
2025-11-24 01:07:48 - gap_analysis - INFO -   - quality_metrics_chart.png (quality visualization)
2025-11-24 01:07:48 - gap_analysis - INFO - 
======================================================================
2025-11-24 01:07:48 - gap_analysis - INFO - Pipeline completed successfully at 2025-11-24 01:07:48
